{
  "RSpec": {
    "coverage": {
      "/Users/hanfak/Dropbox/CODING/tech-test/checkout-test/lib/checkout.rb": [
        1,
        1,
        1,
        null,
        null
      ],
      "/Users/hanfak/Dropbox/CODING/tech-test/checkout-test/spec/checkout_spec.rb": [
        1,
        2,
        null,
        1,
        1,
        1,
        null,
        null,
        null
      ],
      "/Users/hanfak/Dropbox/CODING/tech-test/checkout-test/spec/features/feature_spec.rb": [
        1,
        2,
        2,
        1,
        1,
        1,
        null,
        1,
        0,
        0,
        null,
        0,
        null,
        0,
        null,
        null
      ]
    },
    "timestamp": 1470128212
  }
}
