{
  "RSpec": {
    "coverage": {
      "/Users/hanfak/Dropbox/CODING/tech-test/checkout-test/lib/checkout.rb": [
        1,
        null,
        1,
        10,
        10,
        10,
        null,
        null,
        1,
        24,
        null,
        null,
        1,
        10,
        34,
        10,
        10,
        null,
        null,
        1,
        1,
        10,
        null,
        null,
        1,
        34,
        34,
        null,
        10,
        24,
        9,
        null,
        15,
        null,
        null,
        null,
        null
      ],
      "/Users/hanfak/Dropbox/CODING/tech-test/checkout-test/lib/item.rb": [
        1,
        1,
        null,
        1,
        19,
        19,
        19,
        null,
        null
      ],
      "/Users/hanfak/Dropbox/CODING/tech-test/checkout-test/lib/promotion_rules.rb": [
        1,
        1,
        null,
        1,
        13,
        13,
        13,
        13,
        null,
        null,
        1,
        6,
        2,
        null,
        null
      ],
      "/Users/hanfak/Dropbox/CODING/tech-test/checkout-test/spec/checkout_spec.rb": [
        1,
        4,
        4,
        null,
        7,
        4,
        null,
        1,
        1,
        1,
        null,
        null,
        null,
        1,
        1,
        1,
        null,
        1,
        null,
        null,
        1,
        1,
        1,
        null,
        1,
        null,
        null,
        null,
        1,
        5,
        5,
        null,
        null,
        null,
        1,
        5,
        null,
        1,
        null,
        null,
        1,
        3,
        null,
        1,
        null,
        null,
        1,
        3,
        null,
        1,
        null,
        null,
        1,
        6,
        null,
        1,
        null,
        null,
        null
      ],
      "/Users/hanfak/Dropbox/CODING/tech-test/checkout-test/spec/features/feature_spec.rb": [
        1,
        2,
        2,
        2,
        2,
        2,
        null,
        1,
        null,
        1,
        1,
        1,
        null,
        1,
        null,
        1,
        null,
        null,
        null,
        1,
        2,
        2,
        2,
        2,
        2,
        null,
        1,
        1,
        1,
        1,
        null,
        1,
        null,
        1,
        null,
        null,
        null,
        null,
        1,
        2,
        null,
        null,
        null,
        null,
        2,
        2,
        null,
        null,
        null,
        1,
        3,
        null,
        1,
        null,
        1,
        null,
        null
      ],
      "/Users/hanfak/Dropbox/CODING/tech-test/checkout-test/spec/item_spec.rb": [
        1,
        4,
        null,
        1,
        1,
        1,
        null,
        null,
        1,
        1,
        null,
        null,
        1,
        1,
        null,
        null,
        null
      ],
      "/Users/hanfak/Dropbox/CODING/tech-test/checkout-test/spec/promotion_rules_spec.rb": [
        1,
        5,
        5,
        2,
        null,
        5,
        null,
        1,
        1,
        1,
        null,
        null,
        1,
        1,
        null,
        null,
        1,
        1,
        null,
        null,
        1,
        1,
        null,
        null,
        null,
        1,
        2,
        null,
        1,
        1,
        null,
        null,
        1,
        1,
        null,
        null,
        1,
        1,
        null,
        null,
        null,
        1,
        1,
        1,
        null,
        null,
        null,
        1,
        1,
        1,
        null,
        null,
        null,
        1,
        1,
        1,
        null,
        null,
        null
      ]
    },
    "timestamp": 1470163284
  }
}
